12月 02, 2019 5:05:45 下午 jack.server.ServerHandler start
INFO: Received Query: QUERY cnn.com
12月 02, 2019 5:05:45 下午 jack.server.ServerHandler start
INFO: Received New: NEW [cnn.com:50]
12月 02, 2019 5:05:45 下午 jack.server.ServerHandler start
INFO: Received Query: QUERY cmm.com
12月 02, 2019 5:05:45 下午 jack.server.ServerHandler start
INFO: Received Query: QUERY x
12月 02, 2019 5:05:45 下午 jack.server.ServerHandler start
INFO: Received Query: QUERY nn.com
12月 02, 2019 5:05:45 下午 jack.server.ServerHandler start
INFO: Received New: NEW [www.cnn.com:5000]
12月 02, 2019 5:05:45 下午 jack.server.ServerHandler start
INFO: Received Query: QUERY cnn.com
12月 02, 2019 5:05:45 下午 jack.server.ServerHandler start
INFO: Received New: NEW [foo.com:50]
12月 02, 2019 5:05:45 下午 jack.server.ServerHandler start
INFO: Received New: NEW [foo.com:50]
12月 02, 2019 5:05:45 下午 jack.server.ServerHandler start
INFO: Received Query: QUERY foo.com
12月 02, 2019 5:05:45 下午 jack.server.ServerHandler start
INFO: Received New: NEW [foo.com:5000]
12月 02, 2019 5:05:45 下午 jack.server.ServerHandler start
INFO: Received Query: QUERY foo.com
12月 02, 2019 5:05:45 下午 jack.server.ServerHandler start
WARNING: Invalid message: Unexpected message
12月 02, 2019 5:05:45 下午 jack.server.ServerHandler start
WARNING: Invalid message: Invalid host name
12月 02, 2019 5:05:45 下午 jack.server.ServerHandler start
WARNING: Invalid message: Invalid payload
12月 02, 2019 5:05:45 下午 jack.server.ServerHandler start
WARNING: Unexpected message type: RESPONSE 
12月 02, 2019 5:06:05 下午 jack.server.Server main
WARNING: Communication problem: Receive timed out
